mode: atomic
github.com/vardius/go-api-boilerplate/pkg/http/response/hsts.go:8.47,9.53 1 1
github.com/vardius/go-api-boilerplate/pkg/http/response/hsts.go:16.2,16.29 1 1
github.com/vardius/go-api-boilerplate/pkg/http/response/hsts.go:9.53,14.3 2 1
github.com/vardius/go-api-boilerplate/pkg/http/response/json.go:9.45,10.53 1 1
github.com/vardius/go-api-boilerplate/pkg/http/response/json.go:49.2,49.29 1 1
github.com/vardius/go-api-boilerplate/pkg/http/response/json.go:10.53,17.51 4 1
github.com/vardius/go-api-boilerplate/pkg/http/response/json.go:17.51,23.18 5 1
github.com/vardius/go-api-boilerplate/pkg/http/response/json.go:33.4,33.40 1 1
github.com/vardius/go-api-boilerplate/pkg/http/response/json.go:23.18,31.5 3 0
github.com/vardius/go-api-boilerplate/pkg/http/response/json.go:34.19,35.26 1 0
github.com/vardius/go-api-boilerplate/pkg/http/response/json.go:36.20,37.26 1 0
github.com/vardius/go-api-boilerplate/pkg/http/response/json.go:38.12,39.38 1 1
github.com/vardius/go-api-boilerplate/pkg/http/response/json.go:39.38,41.6 1 1
github.com/vardius/go-api-boilerplate/pkg/http/response/json.go:41.6,44.6 1 0
github.com/vardius/go-api-boilerplate/pkg/http/response/nosniff.go:6.46,7.53 1 1
github.com/vardius/go-api-boilerplate/pkg/http/response/nosniff.go:16.2,16.29 1 1
github.com/vardius/go-api-boilerplate/pkg/http/response/nosniff.go:7.53,14.3 3 1
github.com/vardius/go-api-boilerplate/pkg/http/response/response.go:14.47,16.2 1 3
github.com/vardius/go-api-boilerplate/pkg/http/response/response.go:18.63,20.2 1 3
github.com/vardius/go-api-boilerplate/pkg/http/response/response.go:22.57,26.2 2 6
github.com/vardius/go-api-boilerplate/pkg/http/response/response.go:29.66,31.9 2 3
github.com/vardius/go-api-boilerplate/pkg/http/response/response.go:35.2,37.12 2 3
github.com/vardius/go-api-boilerplate/pkg/http/response/response.go:31.9,33.3 1 0
github.com/vardius/go-api-boilerplate/pkg/http/response/response.go:41.58,43.14 2 1
github.com/vardius/go-api-boilerplate/pkg/http/response/response.go:47.2,47.12 1 1
github.com/vardius/go-api-boilerplate/pkg/http/response/response.go:43.14,45.3 1 0
